[2024-12-01 10:57:59Z INFO HostContext] No proxy settings were found based on environmental variables (http_proxy/https_proxy/HTTP_PROXY/HTTPS_PROXY)
[2024-12-01 10:57:59Z INFO HostContext] Well known directory 'Bin': '/home/ec2-user/git-graph/actions-runner/bin'
[2024-12-01 10:57:59Z INFO HostContext] Well known directory 'Root': '/home/ec2-user/git-graph/actions-runner'
[2024-12-01 10:57:59Z INFO HostContext] Well known config file 'Credentials': '/home/ec2-user/git-graph/actions-runner/.credentials'
[2024-12-01 10:58:00Z INFO HostContext] Well known directory 'Bin': '/home/ec2-user/git-graph/actions-runner/bin'
[2024-12-01 10:58:00Z INFO HostContext] Well known directory 'Root': '/home/ec2-user/git-graph/actions-runner'
[2024-12-01 10:58:00Z INFO HostContext] Well known config file 'Runner': '/home/ec2-user/git-graph/actions-runner/.runner'
[2024-12-01 10:58:00Z INFO Listener] Runner is built for Linux (X64) - linux-x64.
[2024-12-01 10:58:00Z INFO Listener] RuntimeInformation: Linux 6.1.115-126.197.amzn2023.x86_64 #1 SMP PREEMPT_DYNAMIC Tue Nov  5 17:36:57 UTC 2024.
[2024-12-01 10:58:00Z INFO Listener] Version: 2.320.0
[2024-12-01 10:58:00Z INFO Listener] Commit: 78f21670b4a58aff19b5189207f54eb2bee324d1
[2024-12-01 10:58:00Z INFO Listener] Culture: 
[2024-12-01 10:58:00Z INFO Listener] UI Culture: 
[2024-12-01 10:58:00Z INFO HostContext] Well known directory 'Bin': '/home/ec2-user/git-graph/actions-runner/bin'
[2024-12-01 10:58:00Z INFO HostContext] Well known directory 'Root': '/home/ec2-user/git-graph/actions-runner'
[2024-12-01 10:58:00Z INFO Listener] Validating directory permissions for: '/home/ec2-user/git-graph/actions-runner'
[2024-12-01 10:58:00Z INFO CommandLineParser] Parse
[2024-12-01 10:58:00Z INFO CommandLineParser] Parsing 1 args
[2024-12-01 10:58:00Z INFO CommandLineParser] parsing argument
[2024-12-01 10:58:00Z INFO CommandLineParser] HasArgs: False
[2024-12-01 10:58:00Z INFO CommandLineParser] Adding Command: run
[2024-12-01 10:58:00Z INFO Listener] Arguments parsed
[2024-12-01 10:58:00Z INFO Runner] ExecuteCommand
[2024-12-01 10:58:00Z INFO ConfigurationStore] currentAssemblyLocation: /home/ec2-user/git-graph/actions-runner/bin/Runner.Listener.dll
[2024-12-01 10:58:00Z INFO HostContext] Well known directory 'Bin': '/home/ec2-user/git-graph/actions-runner/bin'
[2024-12-01 10:58:00Z INFO ConfigurationStore] binPath: /home/ec2-user/git-graph/actions-runner/bin
[2024-12-01 10:58:00Z INFO HostContext] Well known directory 'Bin': '/home/ec2-user/git-graph/actions-runner/bin'
[2024-12-01 10:58:00Z INFO HostContext] Well known directory 'Root': '/home/ec2-user/git-graph/actions-runner'
[2024-12-01 10:58:00Z INFO ConfigurationStore] RootFolder: /home/ec2-user/git-graph/actions-runner
[2024-12-01 10:58:00Z INFO HostContext] Well known directory 'Bin': '/home/ec2-user/git-graph/actions-runner/bin'
[2024-12-01 10:58:00Z INFO HostContext] Well known directory 'Root': '/home/ec2-user/git-graph/actions-runner'
[2024-12-01 10:58:00Z INFO HostContext] Well known config file 'Runner': '/home/ec2-user/git-graph/actions-runner/.runner'
[2024-12-01 10:58:00Z INFO ConfigurationStore] ConfigFilePath: /home/ec2-user/git-graph/actions-runner/.runner
[2024-12-01 10:58:00Z INFO HostContext] Well known directory 'Bin': '/home/ec2-user/git-graph/actions-runner/bin'
[2024-12-01 10:58:00Z INFO HostContext] Well known directory 'Root': '/home/ec2-user/git-graph/actions-runner'
[2024-12-01 10:58:00Z INFO HostContext] Well known config file 'Credentials': '/home/ec2-user/git-graph/actions-runner/.credentials'
[2024-12-01 10:58:00Z INFO ConfigurationStore] CredFilePath: /home/ec2-user/git-graph/actions-runner/.credentials
[2024-12-01 10:58:00Z INFO HostContext] Well known directory 'Bin': '/home/ec2-user/git-graph/actions-runner/bin'
[2024-12-01 10:58:00Z INFO HostContext] Well known directory 'Root': '/home/ec2-user/git-graph/actions-runner'
[2024-12-01 10:58:00Z INFO HostContext] Well known config file 'MigratedCredentials': '/home/ec2-user/git-graph/actions-runner/.credentials_migrated'
[2024-12-01 10:58:00Z INFO ConfigurationStore] MigratedCredFilePath: /home/ec2-user/git-graph/actions-runner/.credentials_migrated
[2024-12-01 10:58:00Z INFO HostContext] Well known directory 'Bin': '/home/ec2-user/git-graph/actions-runner/bin'
[2024-12-01 10:58:00Z INFO HostContext] Well known directory 'Root': '/home/ec2-user/git-graph/actions-runner'
[2024-12-01 10:58:00Z INFO HostContext] Well known config file 'Service': '/home/ec2-user/git-graph/actions-runner/.service'
[2024-12-01 10:58:00Z INFO ConfigurationStore] ServiceConfigFilePath: /home/ec2-user/git-graph/actions-runner/.service
[2024-12-01 10:58:00Z INFO CommandSettings] Flag 'help': 'False'
[2024-12-01 10:58:00Z INFO CommandSettings] Flag 'version': 'False'
[2024-12-01 10:58:00Z INFO CommandSettings] Flag 'commit': 'False'
[2024-12-01 10:58:00Z INFO CommandSettings] Flag 'check': 'False'
[2024-12-01 10:58:00Z INFO CommandSettings] Command 'configure': 'False'
[2024-12-01 10:58:00Z INFO CommandSettings] Command 'remove': 'False'
[2024-12-01 10:58:00Z INFO CommandSettings] Command 'warmup': 'False'
[2024-12-01 10:58:00Z INFO ConfigurationManager] LoadSettings
[2024-12-01 10:58:00Z INFO ConfigurationStore] IsConfigured()
[2024-12-01 10:58:00Z INFO ConfigurationStore] IsConfigured: True
[2024-12-01 10:58:00Z INFO ConfigurationManager] Is configured: True
[2024-12-01 10:58:00Z INFO ConfigurationStore] Read setting file: 303 chars
[2024-12-01 10:58:00Z INFO ConfigurationManager] Settings Loaded
[2024-12-01 10:58:00Z INFO ConfigurationStore] IsServiceConfigured()
[2024-12-01 10:58:00Z INFO ConfigurationStore] IsServiceConfigured: False
[2024-12-01 10:58:00Z INFO CommandSettings] Command 'run': 'True'
[2024-12-01 10:58:00Z INFO ConfigurationStore] IsConfigured()
[2024-12-01 10:58:00Z INFO ConfigurationStore] IsConfigured: True
[2024-12-01 10:58:00Z INFO ConfigurationManager] Is configured: True
[2024-12-01 10:58:00Z INFO Runner] Could not parse the argument value '' for StartupType. Defaulting to Manual
[2024-12-01 10:58:00Z INFO Runner] Set runner startup type - Manual
[2024-12-01 10:58:00Z INFO CommandSettings] Flag 'once': 'False'
[2024-12-01 10:58:00Z INFO CommandSettings] Flag 'once': 'False'
[2024-12-01 10:58:00Z INFO Runner] RunAsync
[2024-12-01 10:58:00Z INFO ConfigurationManager] LoadSettings
[2024-12-01 10:58:00Z INFO ConfigurationStore] IsConfigured()
[2024-12-01 10:58:00Z INFO ConfigurationStore] IsConfigured: True
[2024-12-01 10:58:00Z INFO ConfigurationManager] Is configured: True
[2024-12-01 10:58:00Z INFO ConfigurationManager] Settings Loaded
[2024-12-01 10:58:00Z INFO MessageListener] {
  "AgentId": 2,
  "AgentName": "ip-172-31-14-65",
  "PoolId": 1,
  "PoolName": "Default",
  "ServerUrl": "https://pipelinesghubeus8.actions.githubusercontent.com/vzadN5oJQuwo3CBIrwP5txV4AijFfh29RFPL2R3bMCEDU3opXm/",
  "GitHubUrl": "https://github.com/topblame/Nodejs-action",
  "WorkFolder": "_work"
}
[2024-12-01 10:58:00Z INFO MessageListener] Loading Credentials
[2024-12-01 10:58:00Z INFO ConfigurationStore] HasCredentials()
[2024-12-01 10:58:00Z INFO ConfigurationStore] stored True
[2024-12-01 10:58:00Z INFO CredentialManager] GetCredentialProvider
[2024-12-01 10:58:00Z INFO CredentialManager] Creating type OAuth
[2024-12-01 10:58:00Z INFO CredentialManager] Creating credential type: OAuth
[2024-12-01 10:58:00Z INFO HostContext] Well known directory 'Bin': '/home/ec2-user/git-graph/actions-runner/bin'
[2024-12-01 10:58:00Z INFO HostContext] Well known directory 'Root': '/home/ec2-user/git-graph/actions-runner'
[2024-12-01 10:58:00Z INFO HostContext] Well known config file 'RSACredentials': '/home/ec2-user/git-graph/actions-runner/.credentials_rsaparams'
[2024-12-01 10:58:00Z INFO RSAFileKeyManager] Loading RSA key parameters from file /home/ec2-user/git-graph/actions-runner/.credentials_rsaparams
[2024-12-01 10:58:00Z INFO MessageListener] Attempt to create session.
[2024-12-01 10:58:00Z INFO MessageListener] Connecting to the Runner Server...
[2024-12-01 10:58:00Z INFO RunnerServer] EstablishVssConnection
[2024-12-01 10:58:00Z INFO RunnerServer] Establish connection with 100 seconds timeout.
[2024-12-01 10:58:00Z INFO GitHubActionsService] Starting operation Location.GetConnectionData
[2024-12-01 10:58:00Z INFO RunnerServer] EstablishVssConnection
[2024-12-01 10:58:00Z INFO RunnerServer] Establish connection with 60 seconds timeout.
[2024-12-01 10:58:00Z INFO GitHubActionsService] Starting operation Location.GetConnectionData
[2024-12-01 10:58:00Z INFO RunnerServer] EstablishVssConnection
[2024-12-01 10:58:00Z INFO RunnerServer] Establish connection with 60 seconds timeout.
[2024-12-01 10:58:00Z INFO GitHubActionsService] Starting operation Location.GetConnectionData
[2024-12-01 10:58:01Z INFO GitHubActionsService] Finished operation Location.GetConnectionData
[2024-12-01 10:58:01Z INFO GitHubActionsService] Finished operation Location.GetConnectionData
[2024-12-01 10:58:01Z INFO GitHubActionsService] Finished operation Location.GetConnectionData
[2024-12-01 10:58:02Z INFO MessageListener] VssConnection created
[2024-12-01 10:58:02Z INFO Terminal] WRITE LINE: 
[2024-12-01 10:58:02Z INFO Terminal] WRITE LINE: 
[2024-12-01 10:58:03Z INFO RSAFileKeyManager] Loading RSA key parameters from file /home/ec2-user/git-graph/actions-runner/.credentials_rsaparams
[2024-12-01 10:58:03Z INFO RSAFileKeyManager] Loading RSA key parameters from file /home/ec2-user/git-graph/actions-runner/.credentials_rsaparams
[2024-12-01 10:58:04Z INFO GitHubActionsService] AAD Correlation ID for this token request: Unknown
[2024-12-01 10:58:04Z INFO MessageListener] Session created.
[2024-12-01 10:58:04Z INFO Terminal] WRITE LINE: Current runner version: '2.320.0'
[2024-12-01 10:58:04Z INFO Terminal] WRITE LINE: 2024-12-01 10:58:04Z: Listening for Jobs
[2024-12-01 10:58:04Z INFO JobDispatcher] Set runner/worker IPC timeout to 30 seconds.
[2024-12-01 10:58:04Z INFO MessageListener] BrokerMigration message received. Polling Broker for messages...
[2024-12-01 10:58:04Z INFO RSAFileKeyManager] Loading RSA key parameters from file /home/ec2-user/git-graph/actions-runner/.credentials_rsaparams
[2024-12-01 10:58:05Z INFO GitHubActionsService] AAD Correlation ID for this token request: Unknown
[2024-12-01 10:58:26Z INFO Terminal] WRITE LINE: Exiting...
[2024-12-01 10:58:26Z INFO ConfigurationStore] IsServiceConfigured()
[2024-12-01 10:58:26Z INFO ConfigurationStore] IsServiceConfigured: False
[2024-12-01 10:58:26Z INFO HostContext] Runner will be shutdown for UserCancelled
[2024-12-01 10:58:26Z WARN GitHubActionsService] GET request to https://broker.actions.githubusercontent.com/message?sessionId=016b522c-a668-45d7-b071-ee1d1e72cc01&status=Online&runnerVersion=2.320.0&os=Linux&architecture=X64&disableUpdate=false has been cancelled.
[2024-12-01 10:58:26Z ERR  BrokerServer] Catch exception during request
[2024-12-01 10:58:26Z ERR  BrokerServer] System.Threading.Tasks.TaskCanceledException: The operation was canceled.
 ---> System.IO.IOException: The response ended prematurely.
   at System.Net.Http.HttpConnection.SendAsyncCore(HttpRequestMessage request, Boolean async, CancellationToken cancellationToken)
   --- End of inner exception stack trace ---
   at System.Net.Http.HttpClient.HandleFailure(Exception e, Boolean telemetryStarted, HttpResponseMessage response, CancellationTokenSource cts, CancellationToken cancellationToken, CancellationTokenSource pendingRequestsCts)
   at System.Net.Http.HttpClient.<SendAsync>g__Core|83_0(HttpRequestMessage request, HttpCompletionOption completionOption, CancellationTokenSource cts, Boolean disposeCts, CancellationTokenSource pendingRequestsCts, CancellationToken originalCancellationToken)
   at Sdk.WebApi.WebApi.RawHttpClientBase.SendAsync(HttpRequestMessage message, HttpCompletionOption completionOption, Object userState, CancellationToken cancellationToken)
   at Sdk.WebApi.WebApi.RawHttpClientBase.SendAsync[T](HttpRequestMessage message, Boolean readErrorBody, Object userState, CancellationToken cancellationToken)
   at Sdk.WebApi.WebApi.RawHttpClientBase.SendAsync[T](HttpMethod method, IEnumerable`1 additionalHeaders, Uri requestUri, HttpContent content, IEnumerable`1 queryParameters, Boolean readErrorBody, Object userState, CancellationToken cancellationToken)
   at GitHub.Actions.RunService.WebApi.BrokerHttpClient.GetRunnerMessageAsync(Nullable`1 sessionId, String runnerVersion, Nullable`1 status, String os, String architecture, Nullable`1 disableUpdate, CancellationToken cancellationToken)
   at GitHub.Runner.Common.BrokerServer.<>c__DisplayClass7_0.<<GetRunnerMessageAsync>b__0>d.MoveNext()
--- End of stack trace from previous location ---
   at GitHub.Runner.Common.RunnerService.RetryRequest[T](Func`1 func, CancellationToken cancellationToken, Int32 maxRetryAttemptsCount, Func`2 shouldRetry)
[2024-12-01 10:58:26Z ERR  BrokerServer] #####################################################
[2024-12-01 10:58:26Z ERR  BrokerServer] System.IO.IOException: The response ended prematurely.
   at System.Net.Http.HttpConnection.SendAsyncCore(HttpRequestMessage request, Boolean async, CancellationToken cancellationToken)
[2024-12-01 10:58:26Z WARN BrokerServer] Back off 9.498 seconds before next retry. 4 attempt left.
[2024-12-01 10:58:26Z INFO MessageListener] Get next message has been cancelled.
[2024-12-01 10:58:26Z INFO JobDispatcher] Shutting down JobDispatcher. Make sure all WorkerDispatcher has finished.
[2024-12-01 10:58:26Z INFO Runner] Deleting Runner Session...
[2024-12-01 10:58:26Z INFO Listener] Runner execution been cancelled.
