[2024-12-01 10:54:05Z INFO HostContext] No proxy settings were found based on environmental variables (http_proxy/https_proxy/HTTP_PROXY/HTTPS_PROXY)
[2024-12-01 10:54:05Z INFO HostContext] Well known directory 'Bin': '/home/ec2-user/git-graph/actions-runner/bin'
[2024-12-01 10:54:05Z INFO HostContext] Well known directory 'Root': '/home/ec2-user/git-graph/actions-runner'
[2024-12-01 10:54:05Z INFO HostContext] Well known config file 'Credentials': '/home/ec2-user/git-graph/actions-runner/.credentials'
[2024-12-01 10:54:05Z INFO HostContext] Well known directory 'Bin': '/home/ec2-user/git-graph/actions-runner/bin'
[2024-12-01 10:54:05Z INFO HostContext] Well known directory 'Root': '/home/ec2-user/git-graph/actions-runner'
[2024-12-01 10:54:05Z INFO HostContext] Well known config file 'Runner': '/home/ec2-user/git-graph/actions-runner/.runner'
[2024-12-01 10:54:05Z INFO Listener] Runner is built for Linux (X64) - linux-x64.
[2024-12-01 10:54:05Z INFO Listener] RuntimeInformation: Linux 6.1.115-126.197.amzn2023.x86_64 #1 SMP PREEMPT_DYNAMIC Tue Nov  5 17:36:57 UTC 2024.
[2024-12-01 10:54:05Z INFO Listener] Version: 2.320.0
[2024-12-01 10:54:05Z INFO Listener] Commit: 78f21670b4a58aff19b5189207f54eb2bee324d1
[2024-12-01 10:54:05Z INFO Listener] Culture: 
[2024-12-01 10:54:05Z INFO Listener] UI Culture: 
[2024-12-01 10:54:05Z INFO HostContext] Well known directory 'Bin': '/home/ec2-user/git-graph/actions-runner/bin'
[2024-12-01 10:54:05Z INFO HostContext] Well known directory 'Root': '/home/ec2-user/git-graph/actions-runner'
[2024-12-01 10:54:05Z INFO Listener] Validating directory permissions for: '/home/ec2-user/git-graph/actions-runner'
[2024-12-01 10:54:05Z INFO CommandLineParser] Parse
[2024-12-01 10:54:05Z INFO CommandLineParser] Parsing 5 args
[2024-12-01 10:54:05Z INFO CommandLineParser] parsing argument
[2024-12-01 10:54:05Z INFO CommandLineParser] HasArgs: False
[2024-12-01 10:54:05Z INFO CommandLineParser] Adding Command: configure
[2024-12-01 10:54:05Z INFO CommandLineParser] parsing argument
[2024-12-01 10:54:05Z INFO CommandLineParser] HasArgs: True
[2024-12-01 10:54:05Z INFO CommandLineParser] arg: url
[2024-12-01 10:54:05Z INFO CommandLineParser] parsing argument
[2024-12-01 10:54:05Z INFO CommandLineParser] HasArgs: True
[2024-12-01 10:54:05Z INFO CommandLineParser] Adding option 'url': 'https://github.com/topblame/Nodejs-action'
[2024-12-01 10:54:05Z INFO CommandLineParser] parsing argument
[2024-12-01 10:54:05Z INFO CommandLineParser] HasArgs: True
[2024-12-01 10:54:05Z INFO CommandLineParser] arg: token
[2024-12-01 10:54:05Z INFO CommandLineParser] parsing argument
[2024-12-01 10:54:05Z INFO CommandLineParser] HasArgs: True
[2024-12-01 10:54:05Z INFO CommandLineParser] Adding option 'token': '***'
[2024-12-01 10:54:05Z INFO Listener] Arguments parsed
[2024-12-01 10:54:05Z INFO Runner] ExecuteCommand
[2024-12-01 10:54:05Z INFO ConfigurationStore] currentAssemblyLocation: /home/ec2-user/git-graph/actions-runner/bin/Runner.Listener.dll
[2024-12-01 10:54:05Z INFO HostContext] Well known directory 'Bin': '/home/ec2-user/git-graph/actions-runner/bin'
[2024-12-01 10:54:05Z INFO ConfigurationStore] binPath: /home/ec2-user/git-graph/actions-runner/bin
[2024-12-01 10:54:05Z INFO HostContext] Well known directory 'Bin': '/home/ec2-user/git-graph/actions-runner/bin'
[2024-12-01 10:54:05Z INFO HostContext] Well known directory 'Root': '/home/ec2-user/git-graph/actions-runner'
[2024-12-01 10:54:05Z INFO ConfigurationStore] RootFolder: /home/ec2-user/git-graph/actions-runner
[2024-12-01 10:54:05Z INFO HostContext] Well known directory 'Bin': '/home/ec2-user/git-graph/actions-runner/bin'
[2024-12-01 10:54:05Z INFO HostContext] Well known directory 'Root': '/home/ec2-user/git-graph/actions-runner'
[2024-12-01 10:54:05Z INFO HostContext] Well known config file 'Runner': '/home/ec2-user/git-graph/actions-runner/.runner'
[2024-12-01 10:54:05Z INFO ConfigurationStore] ConfigFilePath: /home/ec2-user/git-graph/actions-runner/.runner
[2024-12-01 10:54:05Z INFO HostContext] Well known directory 'Bin': '/home/ec2-user/git-graph/actions-runner/bin'
[2024-12-01 10:54:05Z INFO HostContext] Well known directory 'Root': '/home/ec2-user/git-graph/actions-runner'
[2024-12-01 10:54:05Z INFO HostContext] Well known config file 'Credentials': '/home/ec2-user/git-graph/actions-runner/.credentials'
[2024-12-01 10:54:05Z INFO ConfigurationStore] CredFilePath: /home/ec2-user/git-graph/actions-runner/.credentials
[2024-12-01 10:54:05Z INFO HostContext] Well known directory 'Bin': '/home/ec2-user/git-graph/actions-runner/bin'
[2024-12-01 10:54:05Z INFO HostContext] Well known directory 'Root': '/home/ec2-user/git-graph/actions-runner'
[2024-12-01 10:54:05Z INFO HostContext] Well known config file 'MigratedCredentials': '/home/ec2-user/git-graph/actions-runner/.credentials_migrated'
[2024-12-01 10:54:05Z INFO ConfigurationStore] MigratedCredFilePath: /home/ec2-user/git-graph/actions-runner/.credentials_migrated
[2024-12-01 10:54:05Z INFO HostContext] Well known directory 'Bin': '/home/ec2-user/git-graph/actions-runner/bin'
[2024-12-01 10:54:05Z INFO HostContext] Well known directory 'Root': '/home/ec2-user/git-graph/actions-runner'
[2024-12-01 10:54:05Z INFO HostContext] Well known config file 'Service': '/home/ec2-user/git-graph/actions-runner/.service'
[2024-12-01 10:54:05Z INFO ConfigurationStore] ServiceConfigFilePath: /home/ec2-user/git-graph/actions-runner/.service
[2024-12-01 10:54:05Z INFO CommandSettings] Flag 'help': 'False'
[2024-12-01 10:54:05Z INFO CommandSettings] Flag 'version': 'False'
[2024-12-01 10:54:05Z INFO CommandSettings] Flag 'commit': 'False'
[2024-12-01 10:54:05Z INFO CommandSettings] Flag 'check': 'False'
[2024-12-01 10:54:05Z INFO CommandSettings] Command 'configure': 'True'
[2024-12-01 10:54:05Z INFO Terminal] WRITE LINE: 
[2024-12-01 10:54:05Z INFO Terminal] WRITE LINE: --------------------------------------------------------------------------------
[2024-12-01 10:54:05Z INFO Terminal] WRITE LINE: |        ____ _ _   _   _       _          _        _   _                      |
[2024-12-01 10:54:05Z INFO Terminal] WRITE LINE: |       / ___(_) |_| | | |_   _| |__      / \   ___| |_(_) ___  _ __  ___      |
[2024-12-01 10:54:05Z INFO Terminal] WRITE LINE: |      | |  _| | __| |_| | | | | '_ \    / _ \ / __| __| |/ _ \| '_ \/ __|     |
[2024-12-01 10:54:05Z INFO Terminal] WRITE LINE: |      | |_| | | |_|  _  | |_| | |_) |  / ___ \ (__| |_| | (_) | | | \__ \     |
[2024-12-01 10:54:05Z INFO Terminal] WRITE LINE: |       \____|_|\__|_| |_|\__,_|_.__/  /_/   \_\___|\__|_|\___/|_| |_|___/     |
[2024-12-01 10:54:05Z INFO Terminal] WRITE LINE: |                                                                              |
[2024-12-01 10:54:05Z INFO Terminal] WRITE: |                       
[2024-12-01 10:54:05Z INFO Terminal] WRITE: Self-hosted runner registration
[2024-12-01 10:54:05Z INFO Terminal] WRITE LINE:                         |
[2024-12-01 10:54:05Z INFO Terminal] WRITE LINE: |                                                                              |
[2024-12-01 10:54:05Z INFO Terminal] WRITE LINE: --------------------------------------------------------------------------------
[2024-12-01 10:54:05Z INFO ConfigurationManager] ConfigureAsync
[2024-12-01 10:54:05Z INFO CommandSettings] Flag 'generateServiceConfig': 'False'
[2024-12-01 10:54:05Z INFO ConfigurationStore] IsConfigured()
[2024-12-01 10:54:05Z INFO ConfigurationStore] IsConfigured: False
[2024-12-01 10:54:05Z INFO ConfigurationManager] Is configured: False
[2024-12-01 10:54:05Z INFO CommandSettings] Arg 'url': 'https://github.com/topblame/Nodejs-action'
[2024-12-01 10:54:05Z INFO CommandSettings] Remove url from Arg dictionary.
[2024-12-01 10:54:05Z INFO CommandSettings] Arg 'token': '***'
[2024-12-01 10:54:05Z INFO CommandSettings] Remove token from Arg dictionary.
[2024-12-01 10:54:06Z ERR  Terminal] WRITE ERROR: Http response code: NotFound from 'POST https://api.github.com/actions/runner-registration' (Request Id: C8CC:1BF60F:739C34:92DC91:674C404D)
[2024-12-01 10:54:06Z ERR  Terminal] WRITE ERROR: {"message":"Not Found","documentation_url":"https://docs.github.com/rest","status":"404"}
[2024-12-01 10:54:06Z ERR  Runner] System.Net.Http.HttpRequestException: Response status code does not indicate success: 404 (Not Found).
   at System.Net.Http.HttpResponseMessage.EnsureSuccessStatusCode()
   at GitHub.Runner.Listener.Configuration.ConfigurationManager.GetTenantCredential(String githubUrl, String githubToken, String runnerEvent)
   at GitHub.Runner.Listener.Configuration.ConfigurationManager.ConfigureAsync(CommandSettings command)
   at GitHub.Runner.Listener.Runner.ExecuteCommand(CommandSettings command)
[2024-12-01 10:54:06Z ERR  Terminal] WRITE ERROR: Response status code does not indicate success: 404 (Not Found).
[2024-12-01 10:54:06Z INFO Listener] Runner execution has finished with return code 1
