[2024-12-01 10:56:37Z INFO HostContext] No proxy settings were found based on environmental variables (http_proxy/https_proxy/HTTP_PROXY/HTTPS_PROXY)
[2024-12-01 10:56:37Z INFO HostContext] Well known directory 'Bin': '/home/ec2-user/git-graph/actions-runner/bin'
[2024-12-01 10:56:37Z INFO HostContext] Well known directory 'Root': '/home/ec2-user/git-graph/actions-runner'
[2024-12-01 10:56:37Z INFO HostContext] Well known config file 'Credentials': '/home/ec2-user/git-graph/actions-runner/.credentials'
[2024-12-01 10:56:37Z INFO HostContext] Well known directory 'Bin': '/home/ec2-user/git-graph/actions-runner/bin'
[2024-12-01 10:56:37Z INFO HostContext] Well known directory 'Root': '/home/ec2-user/git-graph/actions-runner'
[2024-12-01 10:56:37Z INFO HostContext] Well known config file 'Runner': '/home/ec2-user/git-graph/actions-runner/.runner'
[2024-12-01 10:56:37Z INFO Listener] Runner is built for Linux (X64) - linux-x64.
[2024-12-01 10:56:37Z INFO Listener] RuntimeInformation: Linux 6.1.115-126.197.amzn2023.x86_64 #1 SMP PREEMPT_DYNAMIC Tue Nov  5 17:36:57 UTC 2024.
[2024-12-01 10:56:37Z INFO Listener] Version: 2.320.0
[2024-12-01 10:56:37Z INFO Listener] Commit: 78f21670b4a58aff19b5189207f54eb2bee324d1
[2024-12-01 10:56:37Z INFO Listener] Culture: 
[2024-12-01 10:56:37Z INFO Listener] UI Culture: 
[2024-12-01 10:56:37Z INFO HostContext] Well known directory 'Bin': '/home/ec2-user/git-graph/actions-runner/bin'
[2024-12-01 10:56:37Z INFO HostContext] Well known directory 'Root': '/home/ec2-user/git-graph/actions-runner'
[2024-12-01 10:56:37Z INFO Listener] Validating directory permissions for: '/home/ec2-user/git-graph/actions-runner'
[2024-12-01 10:56:37Z INFO CommandLineParser] Parse
[2024-12-01 10:56:37Z INFO CommandLineParser] Parsing 5 args
[2024-12-01 10:56:37Z INFO CommandLineParser] parsing argument
[2024-12-01 10:56:37Z INFO CommandLineParser] HasArgs: False
[2024-12-01 10:56:37Z INFO CommandLineParser] Adding Command: configure
[2024-12-01 10:56:37Z INFO CommandLineParser] parsing argument
[2024-12-01 10:56:37Z INFO CommandLineParser] HasArgs: True
[2024-12-01 10:56:37Z INFO CommandLineParser] arg: url
[2024-12-01 10:56:37Z INFO CommandLineParser] parsing argument
[2024-12-01 10:56:37Z INFO CommandLineParser] HasArgs: True
[2024-12-01 10:56:37Z INFO CommandLineParser] Adding option 'url': 'https://github.com/topblame/Nodejs-action'
[2024-12-01 10:56:37Z INFO CommandLineParser] parsing argument
[2024-12-01 10:56:37Z INFO CommandLineParser] HasArgs: True
[2024-12-01 10:56:37Z INFO CommandLineParser] arg: token
[2024-12-01 10:56:37Z INFO CommandLineParser] parsing argument
[2024-12-01 10:56:37Z INFO CommandLineParser] HasArgs: True
[2024-12-01 10:56:37Z INFO CommandLineParser] Adding option 'token': '***'
[2024-12-01 10:56:37Z INFO Listener] Arguments parsed
[2024-12-01 10:56:37Z INFO Runner] ExecuteCommand
[2024-12-01 10:56:37Z INFO ConfigurationStore] currentAssemblyLocation: /home/ec2-user/git-graph/actions-runner/bin/Runner.Listener.dll
[2024-12-01 10:56:37Z INFO HostContext] Well known directory 'Bin': '/home/ec2-user/git-graph/actions-runner/bin'
[2024-12-01 10:56:37Z INFO ConfigurationStore] binPath: /home/ec2-user/git-graph/actions-runner/bin
[2024-12-01 10:56:37Z INFO HostContext] Well known directory 'Bin': '/home/ec2-user/git-graph/actions-runner/bin'
[2024-12-01 10:56:37Z INFO HostContext] Well known directory 'Root': '/home/ec2-user/git-graph/actions-runner'
[2024-12-01 10:56:37Z INFO ConfigurationStore] RootFolder: /home/ec2-user/git-graph/actions-runner
[2024-12-01 10:56:37Z INFO HostContext] Well known directory 'Bin': '/home/ec2-user/git-graph/actions-runner/bin'
[2024-12-01 10:56:37Z INFO HostContext] Well known directory 'Root': '/home/ec2-user/git-graph/actions-runner'
[2024-12-01 10:56:37Z INFO HostContext] Well known config file 'Runner': '/home/ec2-user/git-graph/actions-runner/.runner'
[2024-12-01 10:56:37Z INFO ConfigurationStore] ConfigFilePath: /home/ec2-user/git-graph/actions-runner/.runner
[2024-12-01 10:56:37Z INFO HostContext] Well known directory 'Bin': '/home/ec2-user/git-graph/actions-runner/bin'
[2024-12-01 10:56:37Z INFO HostContext] Well known directory 'Root': '/home/ec2-user/git-graph/actions-runner'
[2024-12-01 10:56:37Z INFO HostContext] Well known config file 'Credentials': '/home/ec2-user/git-graph/actions-runner/.credentials'
[2024-12-01 10:56:37Z INFO ConfigurationStore] CredFilePath: /home/ec2-user/git-graph/actions-runner/.credentials
[2024-12-01 10:56:37Z INFO HostContext] Well known directory 'Bin': '/home/ec2-user/git-graph/actions-runner/bin'
[2024-12-01 10:56:37Z INFO HostContext] Well known directory 'Root': '/home/ec2-user/git-graph/actions-runner'
[2024-12-01 10:56:37Z INFO HostContext] Well known config file 'MigratedCredentials': '/home/ec2-user/git-graph/actions-runner/.credentials_migrated'
[2024-12-01 10:56:37Z INFO ConfigurationStore] MigratedCredFilePath: /home/ec2-user/git-graph/actions-runner/.credentials_migrated
[2024-12-01 10:56:37Z INFO HostContext] Well known directory 'Bin': '/home/ec2-user/git-graph/actions-runner/bin'
[2024-12-01 10:56:37Z INFO HostContext] Well known directory 'Root': '/home/ec2-user/git-graph/actions-runner'
[2024-12-01 10:56:37Z INFO HostContext] Well known config file 'Service': '/home/ec2-user/git-graph/actions-runner/.service'
[2024-12-01 10:56:37Z INFO ConfigurationStore] ServiceConfigFilePath: /home/ec2-user/git-graph/actions-runner/.service
[2024-12-01 10:56:37Z INFO CommandSettings] Flag 'help': 'False'
[2024-12-01 10:56:37Z INFO CommandSettings] Flag 'version': 'False'
[2024-12-01 10:56:37Z INFO CommandSettings] Flag 'commit': 'False'
[2024-12-01 10:56:37Z INFO CommandSettings] Flag 'check': 'False'
[2024-12-01 10:56:37Z INFO CommandSettings] Command 'configure': 'True'
[2024-12-01 10:56:37Z INFO Terminal] WRITE LINE: 
[2024-12-01 10:56:37Z INFO Terminal] WRITE LINE: --------------------------------------------------------------------------------
[2024-12-01 10:56:37Z INFO Terminal] WRITE LINE: |        ____ _ _   _   _       _          _        _   _                      |
[2024-12-01 10:56:37Z INFO Terminal] WRITE LINE: |       / ___(_) |_| | | |_   _| |__      / \   ___| |_(_) ___  _ __  ___      |
[2024-12-01 10:56:37Z INFO Terminal] WRITE LINE: |      | |  _| | __| |_| | | | | '_ \    / _ \ / __| __| |/ _ \| '_ \/ __|     |
[2024-12-01 10:56:37Z INFO Terminal] WRITE LINE: |      | |_| | | |_|  _  | |_| | |_) |  / ___ \ (__| |_| | (_) | | | \__ \     |
[2024-12-01 10:56:37Z INFO Terminal] WRITE LINE: |       \____|_|\__|_| |_|\__,_|_.__/  /_/   \_\___|\__|_|\___/|_| |_|___/     |
[2024-12-01 10:56:37Z INFO Terminal] WRITE LINE: |                                                                              |
[2024-12-01 10:56:37Z INFO Terminal] WRITE: |                       
[2024-12-01 10:56:37Z INFO Terminal] WRITE: Self-hosted runner registration
[2024-12-01 10:56:37Z INFO Terminal] WRITE LINE:                         |
[2024-12-01 10:56:37Z INFO Terminal] WRITE LINE: |                                                                              |
[2024-12-01 10:56:37Z INFO Terminal] WRITE LINE: --------------------------------------------------------------------------------
[2024-12-01 10:56:37Z INFO ConfigurationManager] ConfigureAsync
[2024-12-01 10:56:37Z INFO CommandSettings] Flag 'generateServiceConfig': 'False'
[2024-12-01 10:56:37Z INFO ConfigurationStore] IsConfigured()
[2024-12-01 10:56:37Z INFO ConfigurationStore] IsConfigured: False
[2024-12-01 10:56:37Z INFO ConfigurationManager] Is configured: False
[2024-12-01 10:56:37Z INFO CommandSettings] Arg 'url': 'https://github.com/topblame/Nodejs-action'
[2024-12-01 10:56:37Z INFO CommandSettings] Remove url from Arg dictionary.
[2024-12-01 10:56:37Z INFO CommandSettings] Arg 'token': '***'
[2024-12-01 10:56:37Z INFO CommandSettings] Remove token from Arg dictionary.
[2024-12-01 10:56:37Z INFO ConfigurationManager] Http response code: OK from 'POST https://api.github.com/actions/runner-registration' (CF2E:216BD9:2F2C24:3C7175:674C40E5)
[2024-12-01 10:56:37Z INFO ConfigurationManager] Using V2 flow: False
[2024-12-01 10:56:37Z INFO ConfigurationManager] cred retrieved via GitHub auth
[2024-12-01 10:56:37Z INFO RunnerServer] EstablishVssConnection
[2024-12-01 10:56:37Z INFO RunnerServer] Establish connection with 100 seconds timeout.
[2024-12-01 10:56:38Z INFO GitHubActionsService] Starting operation Location.GetConnectionData
[2024-12-01 10:56:38Z INFO RunnerServer] EstablishVssConnection
[2024-12-01 10:56:38Z INFO RunnerServer] Establish connection with 60 seconds timeout.
[2024-12-01 10:56:38Z INFO GitHubActionsService] Starting operation Location.GetConnectionData
[2024-12-01 10:56:38Z INFO RunnerServer] EstablishVssConnection
[2024-12-01 10:56:38Z INFO RunnerServer] Establish connection with 60 seconds timeout.
[2024-12-01 10:56:38Z INFO GitHubActionsService] Starting operation Location.GetConnectionData
[2024-12-01 10:56:39Z INFO GitHubActionsService] Finished operation Location.GetConnectionData
[2024-12-01 10:56:39Z INFO GitHubActionsService] Finished operation Location.GetConnectionData
[2024-12-01 10:56:39Z INFO GitHubActionsService] Finished operation Location.GetConnectionData
[2024-12-01 10:56:40Z INFO Terminal] WRITE LINE: 
[2024-12-01 10:56:40Z INFO ConfigurationManager] Test Connection complete.
[2024-12-01 10:56:40Z INFO HostContext] Well known directory 'Bin': '/home/ec2-user/git-graph/actions-runner/bin'
[2024-12-01 10:56:40Z INFO HostContext] Well known directory 'Root': '/home/ec2-user/git-graph/actions-runner'
[2024-12-01 10:56:40Z INFO HostContext] Well known config file 'RSACredentials': '/home/ec2-user/git-graph/actions-runner/.credentials_rsaparams'
[2024-12-01 10:56:40Z INFO RSAFileKeyManager] Creating new RSA key using 2048-bit key length
[2024-12-01 10:56:40Z INFO RSAFileKeyManager] Successfully saved RSA key parameters to file /home/ec2-user/git-graph/actions-runner/.credentials_rsaparams
[2024-12-01 10:56:40Z INFO RSAFileKeyManager] Which2: 'chmod'
[2024-12-01 10:56:40Z INFO RSAFileKeyManager] Location: '/usr/bin/chmod'
[2024-12-01 10:56:40Z INFO HostContext] Well known directory 'Bin': '/home/ec2-user/git-graph/actions-runner/bin'
[2024-12-01 10:56:40Z INFO HostContext] Well known directory 'Root': '/home/ec2-user/git-graph/actions-runner'
[2024-12-01 10:56:40Z INFO ProcessInvokerWrapper] Starting process:
[2024-12-01 10:56:40Z INFO ProcessInvokerWrapper]   File name: '/usr/bin/chmod'
[2024-12-01 10:56:40Z INFO ProcessInvokerWrapper]   Arguments: '600 /home/ec2-user/git-graph/actions-runner/.credentials_rsaparams'
[2024-12-01 10:56:40Z INFO ProcessInvokerWrapper]   Working directory: '/home/ec2-user/git-graph/actions-runner'
[2024-12-01 10:56:40Z INFO ProcessInvokerWrapper]   Require exit code zero: 'False'
[2024-12-01 10:56:40Z INFO ProcessInvokerWrapper]   Encoding web name:  ; code page: ''
[2024-12-01 10:56:40Z INFO ProcessInvokerWrapper]   Force kill process on cancellation: 'False'
[2024-12-01 10:56:40Z INFO ProcessInvokerWrapper]   Redirected STDIN: 'False'
[2024-12-01 10:56:40Z INFO ProcessInvokerWrapper]   Persist current code page: 'False'
[2024-12-01 10:56:40Z INFO ProcessInvokerWrapper]   Keep redirected STDIN open: 'False'
[2024-12-01 10:56:40Z INFO ProcessInvokerWrapper]   High priority process: 'False'
[2024-12-01 10:56:40Z INFO ProcessInvokerWrapper] STDOUT/STDERR stream read finished.
[2024-12-01 10:56:40Z INFO ProcessInvokerWrapper] STDOUT/STDERR stream read finished.
[2024-12-01 10:56:40Z INFO ProcessInvokerWrapper] Process started with process id 5747, waiting for process exit.
[2024-12-01 10:56:40Z INFO ProcessInvokerWrapper] Finished process 5747 with exit code 0, and elapsed time 00:00:00.0142721.
[2024-12-01 10:56:40Z INFO RSAFileKeyManager] Successfully set permissions for RSA key parameters file /home/ec2-user/git-graph/actions-runner/.credentials_rsaparams
[2024-12-01 10:56:41Z INFO CommandSettings] Arg 'runnergroup': ''
[2024-12-01 10:56:41Z INFO CommandSettings] Flag 'unattended': 'False'
[2024-12-01 10:56:41Z INFO PromptManager] ReadValue
[2024-12-01 10:56:41Z INFO Terminal] WRITE: Enter the name of the runner group to add this runner to: 
[2024-12-01 10:56:41Z INFO Terminal] WRITE: [press Enter for Default] 
[2024-12-01 10:56:41Z INFO Terminal] READ LINE
[2024-12-01 10:57:03Z INFO Terminal] Read value: ''
[2024-12-01 10:57:03Z INFO PromptManager] Falling back to the default: 'Default'
[2024-12-01 10:57:03Z INFO Terminal] WRITE LINE: 
[2024-12-01 10:57:03Z INFO ConfigurationManager] Found a self-hosted runner group with id 1 and name Default
[2024-12-01 10:57:03Z INFO CommandSettings] Flag 'disableupdate': 'False'
[2024-12-01 10:57:03Z INFO CommandSettings] Flag 'ephemeral': 'False'
[2024-12-01 10:57:03Z INFO CommandSettings] Arg 'name': ''
[2024-12-01 10:57:03Z INFO CommandSettings] Flag 'unattended': 'False'
[2024-12-01 10:57:03Z INFO PromptManager] ReadValue
[2024-12-01 10:57:03Z INFO Terminal] WRITE: Enter the name of runner: 
[2024-12-01 10:57:03Z INFO Terminal] WRITE: [press Enter for ip-172-31-14-65] 
[2024-12-01 10:57:03Z INFO Terminal] READ LINE
[2024-12-01 10:57:11Z INFO Terminal] Read value: ''
[2024-12-01 10:57:11Z INFO PromptManager] Falling back to the default: 'ip-172-31-14-65'
[2024-12-01 10:57:11Z INFO Terminal] WRITE LINE: 
[2024-12-01 10:57:11Z INFO CommandSettings] Arg 'labels': ''
[2024-12-01 10:57:11Z INFO CommandSettings] Flag 'unattended': 'False'
[2024-12-01 10:57:11Z INFO PromptManager] ReadValue
[2024-12-01 10:57:11Z INFO Terminal] WRITE: This runner will have the following labels: 'self-hosted', 'Linux', 'X64' 
Enter any additional labels (ex. label-1,label-2): 
[2024-12-01 10:57:11Z INFO Terminal] WRITE: [press Enter to skip] 
[2024-12-01 10:57:11Z INFO Terminal] READ LINE
[2024-12-01 10:57:20Z INFO Terminal] Read value: ''
[2024-12-01 10:57:20Z INFO Terminal] WRITE LINE: 
[2024-12-01 10:57:21Z INFO CommandSettings] Flag 'disableupdate': 'False'
[2024-12-01 10:57:21Z INFO CommandSettings] Flag 'no-default-labels': 'False'
[2024-12-01 10:57:21Z INFO CommandSettings] Flag 'disableupdate': 'False'
[2024-12-01 10:57:21Z INFO CommandSettings] Flag 'ephemeral': 'False'
[2024-12-01 10:57:21Z INFO ConfigurationStore] Saving OAuth credential @ /home/ec2-user/git-graph/actions-runner/.credentials
[2024-12-01 10:57:21Z INFO ConfigurationStore] Credentials Saved.
[2024-12-01 10:57:21Z INFO ConfigurationStore] HasCredentials()
[2024-12-01 10:57:21Z INFO ConfigurationStore] stored True
[2024-12-01 10:57:21Z INFO CredentialManager] GetCredentialProvider
[2024-12-01 10:57:21Z INFO CredentialManager] Creating type OAuth
[2024-12-01 10:57:21Z INFO CredentialManager] Creating credential type: OAuth
[2024-12-01 10:57:21Z INFO RSAFileKeyManager] Loading RSA key parameters from file /home/ec2-user/git-graph/actions-runner/.credentials_rsaparams
[2024-12-01 10:57:21Z INFO RunnerServer] EstablishVssConnection
[2024-12-01 10:57:21Z INFO RunnerServer] Establish connection with 100 seconds timeout.
[2024-12-01 10:57:21Z INFO GitHubActionsService] Starting operation Location.GetConnectionData
[2024-12-01 10:57:21Z INFO RunnerServer] EstablishVssConnection
[2024-12-01 10:57:21Z INFO RunnerServer] Establish connection with 60 seconds timeout.
[2024-12-01 10:57:21Z INFO GitHubActionsService] Starting operation Location.GetConnectionData
[2024-12-01 10:57:21Z INFO RunnerServer] EstablishVssConnection
[2024-12-01 10:57:21Z INFO RunnerServer] Establish connection with 60 seconds timeout.
[2024-12-01 10:57:21Z INFO GitHubActionsService] Starting operation Location.GetConnectionData
[2024-12-01 10:57:22Z INFO GitHubActionsService] Finished operation Location.GetConnectionData
[2024-12-01 10:57:22Z INFO GitHubActionsService] Finished operation Location.GetConnectionData
[2024-12-01 10:57:22Z INFO GitHubActionsService] Finished operation Location.GetConnectionData
[2024-12-01 10:57:23Z INFO RSAFileKeyManager] Loading RSA key parameters from file /home/ec2-user/git-graph/actions-runner/.credentials_rsaparams
[2024-12-01 10:57:23Z INFO RSAFileKeyManager] Loading RSA key parameters from file /home/ec2-user/git-graph/actions-runner/.credentials_rsaparams
[2024-12-01 10:57:24Z INFO GitHubActionsService] AAD Correlation ID for this token request: Unknown
[2024-12-01 10:57:24Z INFO CommandSettings] Arg 'work': ''
[2024-12-01 10:57:24Z INFO CommandSettings] Flag 'unattended': 'False'
[2024-12-01 10:57:24Z INFO PromptManager] ReadValue
[2024-12-01 10:57:24Z INFO Terminal] WRITE: Enter name of work folder: 
[2024-12-01 10:57:24Z INFO Terminal] WRITE: [press Enter for _work] 
[2024-12-01 10:57:24Z INFO Terminal] READ LINE
[2024-12-01 10:57:34Z INFO Terminal] Read value: ''
[2024-12-01 10:57:34Z INFO PromptManager] Falling back to the default: '_work'
[2024-12-01 10:57:34Z INFO ConfigurationStore] Saving runner settings.
[2024-12-01 10:57:34Z INFO ConfigurationStore] Settings Saved.
[2024-12-01 10:57:34Z INFO Terminal] WRITE LINE: 
[2024-12-01 10:57:34Z INFO Terminal] WRITE LINE: 
[2024-12-01 10:57:34Z INFO SystemDControlManager] Service name 'actions.runner.topblame-Nodejs-action.ip-172-31-14-65.service' display name 'GitHub Actions Runner (topblame-Nodejs-action.ip-172-31-14-65)' will be used for service configuration.
[2024-12-01 10:57:34Z INFO HostContext] Well known directory 'Bin': '/home/ec2-user/git-graph/actions-runner/bin'
[2024-12-01 10:57:34Z INFO HostContext] Well known directory 'Root': '/home/ec2-user/git-graph/actions-runner'
[2024-12-01 10:57:34Z INFO HostContext] Well known directory 'Bin': '/home/ec2-user/git-graph/actions-runner/bin'
[2024-12-01 10:57:34Z INFO HostContext] Well known directory 'Bin': '/home/ec2-user/git-graph/actions-runner/bin'
[2024-12-01 10:57:34Z INFO HostContext] Well known directory 'Root': '/home/ec2-user/git-graph/actions-runner'
[2024-12-01 10:57:34Z INFO UnixUtil] Which2: 'chmod'
[2024-12-01 10:57:34Z INFO UnixUtil] Location: '/usr/bin/chmod'
[2024-12-01 10:57:34Z INFO UnixUtil] Running /usr/bin/chmod 755 "/home/ec2-user/git-graph/actions-runner/svc.sh"
[2024-12-01 10:57:34Z INFO ProcessInvokerWrapper] Starting process:
[2024-12-01 10:57:34Z INFO ProcessInvokerWrapper]   File name: '/usr/bin/chmod'
[2024-12-01 10:57:34Z INFO ProcessInvokerWrapper]   Arguments: '755 "/home/ec2-user/git-graph/actions-runner/svc.sh"'
[2024-12-01 10:57:34Z INFO ProcessInvokerWrapper]   Working directory: '/home/ec2-user/git-graph/actions-runner'
[2024-12-01 10:57:34Z INFO ProcessInvokerWrapper]   Require exit code zero: 'True'
[2024-12-01 10:57:34Z INFO ProcessInvokerWrapper]   Encoding web name:  ; code page: ''
[2024-12-01 10:57:34Z INFO ProcessInvokerWrapper]   Force kill process on cancellation: 'False'
[2024-12-01 10:57:34Z INFO ProcessInvokerWrapper]   Redirected STDIN: 'False'
[2024-12-01 10:57:34Z INFO ProcessInvokerWrapper]   Persist current code page: 'False'
[2024-12-01 10:57:34Z INFO ProcessInvokerWrapper]   Keep redirected STDIN open: 'False'
[2024-12-01 10:57:34Z INFO ProcessInvokerWrapper]   High priority process: 'False'
[2024-12-01 10:57:34Z INFO ProcessInvokerWrapper] STDOUT/STDERR stream read finished.
[2024-12-01 10:57:34Z INFO ProcessInvokerWrapper] STDOUT/STDERR stream read finished.
[2024-12-01 10:57:34Z INFO ProcessInvokerWrapper] Process started with process id 5815, waiting for process exit.
[2024-12-01 10:57:34Z INFO ProcessInvokerWrapper] Finished process 5815 with exit code 0, and elapsed time 00:00:00.0067682.
[2024-12-01 10:57:34Z INFO Listener] Runner execution has finished with return code 0
